#@ # 
#@ # Running icc_shell Version M-2016.12-SP5-3 for linux64 -- Dec 07, 2017
#@ # Date:   Thu Jan 17 16:40:59 2019
#@ # Run by: user6@track1
#@ 

source scripts/setup.tcl -echo
source setup.tcl -echo
#@ # -- Starting source setup.tcl

#@ set MW_REF_PATH "MW"
#@ 
#@ #Target library
#@ 
#@ set target_library "* c5n_utah_std_v5_t27.db"
#@ 
#@ #Link library
#@ 
#@ set link_library "* $target_library c5n_utah_std_v5_t27.db io.db"
#@ 
#@ #Search pads
#@ 
#@ set search_pads ". MW/ logic/ scripts/ inputs/"
#@ 
#@ #MW reference libraries
#@ 
#@ set mw_design_library MW_TOP_LIB
#@ set mw_references_library "MW/UTAH_V1P1 MW/ICG MW/IO"
#@ 
#@ #Tecnology file
#@ 
#@ set TECH_FILE "MW/UTAH.tf"
#@ 
#@ #TLU+ file (max & min)
#@ 
#@ set TLUPLUS_MAX_FILE "MW/ami500.tluplus"
#@ set TLUPLUS_MIN_FILE "MW/ami500.tluplus"
#@ 
#@ #Mapping File
#@ 
#@ set MAP_FILE "MW/ami500hxkx_3m.map"
#@ 
#@ #Creating MilkyWay
#@ 
#@ sh rm -rf $mw_design_library
#@ set mw_use_layer_enhancement true
#@ 
#@ create_mw_lib -technology $TECH_FILE     	-mw_reference_library $mw_references_library 	$mw_design_library
#@ 
#@ open_mw_lib $mw_design_library
#@ 
#@ check_library
#@ 
#@ 
#@ 
#@ # -- End source setup.tcl

quit
