#@ # 
#@ # Running icc_shell Version M-2016.12-SP5-3 for linux64 -- Dec 07, 2017
#@ # Date:   Thu Jan 17 15:33:33 2019
#@ # Run by: user6@track1
#@ 

source scripts/setup.tcl -echo
ls
sh cd ..
ls
cd ..
ls
cd IC_Compiler/
ls
cd LAB2
ls
source scripts/setup.tcl -echo
#@ # -- Starting source scripts/setup.tcl

#@ 
#@ 
#@ set target_library "c5n_utah_std_v5_t27.db"
#@ set link_library "c5n_utah_std_v5_t27.db io.db"
#@ set search_path "./MW /logic /scripts /inputs/"
#@ set mw_reference_libraries "MW/UTHA_V1P1 MW/ICG MW/IO"
#@ set TECH_FILES "MW/UTAH.tf"
#@ set TLUPLUS_MAX_FILE "MW/ami500.tluplus"
#@ set TLUPLUS_MIN_FILE "MW/ami500.tluplus"
#@ set MAP_FILE "MW/ami500hxkx_3m.map"; #map file
#@ # -- End source scripts/setup.tcl

clear
sh clear
